Feb 19, 2024 7:07:25 PM server.MarketServer main
FINE: Server on, waiting for connection...
Feb 19, 2024 7:07:31 PM server.MarketServer checkLogin
FINE: Credentials: pippo 9000
Feb 19, 2024 7:07:31 PM server.MarketServer unsuccessfulLoginAction
SEVERE: not authenticated
Feb 19, 2024 7:07:35 PM server.MarketServer checkLogin
FINE: Credentials: pippo 0000
Feb 19, 2024 7:07:35 PM server.MarketServer checkLogin
FINE: pippo authenticated.
Feb 19, 2024 7:07:51 PM server.MarketServer handleRequests
FINE: Buf read: entities.SingleMessage@34b7ac2f
Feb 19, 2024 7:07:51 PM server.MarketServer handleRequests
FINE: Buf read: entities.SingleMessage@19bb07ed
Feb 19, 2024 7:07:51 PM server.MarketServer handleRequests
FINE: Buf read: entities.SingleMessage@635eaaf1
Feb 19, 2024 7:08:17 PM server.MarketServer handleRequests
FINE: Buf read: entities.SingleMessage@5c30a9b0
Feb 19, 2024 7:08:17 PM server.MarketServer handleRequests
FINE: Buf read: entities.SingleMessage@7a69b07
Feb 19, 2024 7:08:18 PM server.MarketServer handleRequests
FINE: Buf read: entities.SingleMessage@50b472aa
Feb 19, 2024 7:16:06 PM server.MarketServer handleRequests
FINE: Buf read: entities.SingleMessage@31368b99
Feb 19, 2024 7:16:06 PM server.MarketServer main
FINE: Server closing.
